2017/01/10 22:05:45 [error] [php] file_put_contents(Z:\home\one\www\protected\runtime/gii-1.1.17/ModelCode.php) [<a href='function.file-put-contents'>function.file-put-contents</a>]: failed to open stream: Permission denied (Z:\home\one\www\framework\gii\CCodeModel.php:388)
Stack trace:
#0 Z:\home\one\www\framework\gii\CCodeGenerator.php(63): ModelGenerator->prepare()
#1 Z:\home\one\www\framework\web\actions\CInlineAction.php(49): ModelGenerator->actionIndex()
#2 Z:\home\one\www\framework\web\CController.php(308): CInlineAction->runWithParams()
#3 Z:\home\one\www\framework\web\CController.php(286): ModelGenerator->runAction()
#4 Z:\home\one\www\framework\web\CController.php(265): ModelGenerator->runActionWithFilters()
#5 Z:\home\one\www\framework\web\CWebApplication.php(282): ModelGenerator->run()
#6 Z:\home\one\www\framework\web\CWebApplication.php(141): CWebApplication->runController()
#7 Z:\home\one\www\framework\base\CApplication.php(185): CWebApplication->processRequest()
#8 Z:\home\one\www\index.php(13): CWebApplication->run()
REQUEST_URI=/index.php/gii/model/index
in Z:\home\one\www\index.php (13)
2017/01/12 10:53:50 [error] [exception.CHttpException.404] exception 'CHttpException' with message 'The system is unable to find the requested action "admin".' in Z:\home\one\www\framework\web\CController.php:483
Stack trace:
#0 Z:\home\one\www\framework\web\CController.php(270): CController->missingAction('admin')
#1 Z:\home\one\www\framework\web\CWebApplication.php(282): CController->run('admin')
#2 Z:\home\one\www\framework\web\CWebApplication.php(141): CWebApplication->runController('site/admin')
#3 Z:\home\one\www\framework\base\CApplication.php(185): CWebApplication->processRequest()
#4 Z:\home\one\www\index.php(13): CApplication->run()
#5 {main}
REQUEST_URI=/site/admin
HTTP_REFERER=http://one/
---
2017/01/12 10:54:08 [error] [exception.CHttpException.404] exception 'CHttpException' with message 'The system is unable to find the requested action "admin".' in Z:\home\one\www\framework\web\CController.php:483
Stack trace:
#0 Z:\home\one\www\framework\web\CController.php(270): CController->missingAction('admin')
#1 Z:\home\one\www\framework\web\CWebApplication.php(282): CController->run('admin')
#2 Z:\home\one\www\framework\web\CWebApplication.php(141): CWebApplication->runController('site/admin')
#3 Z:\home\one\www\framework\base\CApplication.php(185): CWebApplication->processRequest()
#4 Z:\home\one\www\index.php(13): CApplication->run()
#5 {main}
REQUEST_URI=/site/admin
HTTP_REFERER=http://one/
---
2017/01/12 10:54:10 [error] [exception.CHttpException.404] exception 'CHttpException' with message 'The system is unable to find the requested action "admin".' in Z:\home\one\www\framework\web\CController.php:483
Stack trace:
#0 Z:\home\one\www\framework\web\CController.php(270): CController->missingAction('admin')
#1 Z:\home\one\www\framework\web\CWebApplication.php(282): CController->run('admin')
#2 Z:\home\one\www\framework\web\CWebApplication.php(141): CWebApplication->runController('site/admin')
#3 Z:\home\one\www\framework\base\CApplication.php(185): CWebApplication->processRequest()
#4 Z:\home\one\www\index.php(13): CApplication->run()
#5 {main}
REQUEST_URI=/site/admin
HTTP_REFERER=http://one/
---
2017/01/12 10:54:11 [error] [exception.CHttpException.404] exception 'CHttpException' with message 'The system is unable to find the requested action "admin".' in Z:\home\one\www\framework\web\CController.php:483
Stack trace:
#0 Z:\home\one\www\framework\web\CController.php(270): CController->missingAction('admin')
#1 Z:\home\one\www\framework\web\CWebApplication.php(282): CController->run('admin')
#2 Z:\home\one\www\framework\web\CWebApplication.php(141): CWebApplication->runController('site/admin')
#3 Z:\home\one\www\framework\base\CApplication.php(185): CWebApplication->processRequest()
#4 Z:\home\one\www\index.php(13): CApplication->run()
#5 {main}
REQUEST_URI=/site/admin
HTTP_REFERER=http://one/
---
2017/01/12 11:16:35 [error] [exception.CException] exception 'CException' with message 'Property "CButtonColumn.ViewButtonStyle" is not defined.' in Z:\home\one\www\framework\base\CComponent.php:173
Stack trace:
#0 Z:\home\one\www\framework\YiiBase.php(220): CComponent->__set('ViewButtonStyle', Array)
#1 Z:\home\one\www\framework\zii\widgets\grid\CGridView.php(388): YiiBase::createComponent(Array, Object(CGridView))
#2 Z:\home\one\www\framework\zii\widgets\grid\CGridView.php(359): CGridView->initColumns()
#3 Z:\home\one\www\framework\web\CBaseController.php(147): CGridView->init()
#4 Z:\home\one\www\framework\web\CBaseController.php(180): CBaseController->createWidget('zii.widgets.gri...', Array)
#5 Z:\home\one\www\protected\modules\admin\views\category\index.php(44): CBaseController->widget('zii.widgets.gri...', Array)
#6 Z:\home\one\www\framework\web\CBaseController.php(126): require('Z:\home\one\www...')
#7 Z:\home\one\www\framework\web\CBaseController.php(95): CBaseController->renderInternal('Z:\home\one\www...', Array, true)
#8 Z:\home\one\www\framework\web\CController.php(869): CBaseController->renderFile('Z:\home\one\www...', Array, true)
#9 Z:\home\one\www\framework\web\CController.php(782): CController->renderPartial('index', Array, true)
#10 Z:\home\one\www\protected\modules\admin\controllers\CategoryController.php(115): CController->render('index', Array)
#11 Z:\home\one\www\framework\web\actions\CInlineAction.php(49): CategoryController->actionIndex()
#12 Z:\home\one\www\framework\web\CController.php(308): CInlineAction->runWithParams(Array)
#13 Z:\home\one\www\framework\web\filters\CFilterChain.php(133): CController->runAction(Object(CInlineAction))
#14 Z:\home\one\www\framework\web\filters\CFilter.php(40): CFilterChain->run()
#15 Z:\home\one\www\framework\web\CController.php(1145): CFilter->filter(Object(CFilterChain))
#16 Z:\home\one\www\framework\web\filters\CInlineFilter.php(58): CController->filterAccessControl(Object(CFilterChain))
#17 Z:\home\one\www\framework\web\filters\CFilterChain.php(130): CInlineFilter->filter(Object(CFilterChain))
#18 Z:\home\one\www\framework\web\CController.php(291): CFilterChain->run()
#19 Z:\home\one\www\framework\web\CController.php(265): CController->runActionWithFilters(Object(CInlineAction), Array)
#20 Z:\home\one\www\framework\web\CWebApplication.php(282): CController->run('index')
#21 Z:\home\one\www\framework\web\CWebApplication.php(141): CWebApplication->runController('admin/category/...')
#22 Z:\home\one\www\framework\base\CApplication.php(185): CWebApplication->processRequest()
#23 Z:\home\one\www\index.php(13): CApplication->run()
#24 {main}
REQUEST_URI=/admin/category/index
HTTP_REFERER=http://one/admin/category
---
2017/01/12 11:16:50 [error] [exception.CException] exception 'CException' with message 'Property "CButtonColumn.ViewButtonOptions" is not defined.' in Z:\home\one\www\framework\base\CComponent.php:173
Stack trace:
#0 Z:\home\one\www\framework\YiiBase.php(220): CComponent->__set('ViewButtonOptio...', Array)
#1 Z:\home\one\www\framework\zii\widgets\grid\CGridView.php(388): YiiBase::createComponent(Array, Object(CGridView))
#2 Z:\home\one\www\framework\zii\widgets\grid\CGridView.php(359): CGridView->initColumns()
#3 Z:\home\one\www\framework\web\CBaseController.php(147): CGridView->init()
#4 Z:\home\one\www\framework\web\CBaseController.php(180): CBaseController->createWidget('zii.widgets.gri...', Array)
#5 Z:\home\one\www\protected\modules\admin\views\category\index.php(44): CBaseController->widget('zii.widgets.gri...', Array)
#6 Z:\home\one\www\framework\web\CBaseController.php(126): require('Z:\home\one\www...')
#7 Z:\home\one\www\framework\web\CBaseController.php(95): CBaseController->renderInternal('Z:\home\one\www...', Array, true)
#8 Z:\home\one\www\framework\web\CController.php(869): CBaseController->renderFile('Z:\home\one\www...', Array, true)
#9 Z:\home\one\www\framework\web\CController.php(782): CController->renderPartial('index', Array, true)
#10 Z:\home\one\www\protected\modules\admin\controllers\CategoryController.php(115): CController->render('index', Array)
#11 Z:\home\one\www\framework\web\actions\CInlineAction.php(49): CategoryController->actionIndex()
#12 Z:\home\one\www\framework\web\CController.php(308): CInlineAction->runWithParams(Array)
#13 Z:\home\one\www\framework\web\filters\CFilterChain.php(133): CController->runAction(Object(CInlineAction))
#14 Z:\home\one\www\framework\web\filters\CFilter.php(40): CFilterChain->run()
#15 Z:\home\one\www\framework\web\CController.php(1145): CFilter->filter(Object(CFilterChain))
#16 Z:\home\one\www\framework\web\filters\CInlineFilter.php(58): CController->filterAccessControl(Object(CFilterChain))
#17 Z:\home\one\www\framework\web\filters\CFilterChain.php(130): CInlineFilter->filter(Object(CFilterChain))
#18 Z:\home\one\www\framework\web\CController.php(291): CFilterChain->run()
#19 Z:\home\one\www\framework\web\CController.php(265): CController->runActionWithFilters(Object(CInlineAction), Array)
#20 Z:\home\one\www\framework\web\CWebApplication.php(282): CController->run('index')
#21 Z:\home\one\www\framework\web\CWebApplication.php(141): CWebApplication->runController('admin/category/...')
#22 Z:\home\one\www\framework\base\CApplication.php(185): CWebApplication->processRequest()
#23 Z:\home\one\www\index.php(13): CApplication->run()
#24 {main}
REQUEST_URI=/admin/category/index
HTTP_REFERER=http://one/admin/category
---
